  Animation.cpp
  Atlas.cpp
  ConsoleLogger.cpp
  Engine.cpp
  Entity.cpp
  FileLogger.cpp
  ImageLayer.cpp
  Layer.cpp
  MathService.cpp
  ObjectLayer.cpp
  Property.cpp
  SceneService.cpp
  SdlGraphics.cpp
  SdlInput.cpp
  SdlTimer.cpp
  Sprite.cpp
  SpriteFactory.cpp
  Square.cpp
  TileLayer.cpp
  TileMap.cpp
  Generating Code...
  Compiling...
  TileSet.cpp
  b2ChainShape.cpp
  b2CircleShape.cpp
  b2EdgeShape.cpp
  b2PolygonShape.cpp
  b2BroadPhase.cpp
  b2CollideCircle.cpp
  b2CollideEdge.cpp
  b2CollidePolygon.cpp
  b2Collision.cpp
  b2Distance.cpp
  b2DynamicTree.cpp
  b2TimeOfImpact.cpp
  b2BlockAllocator.cpp
  b2Draw.cpp
  b2Math.cpp
  b2Settings.cpp
  b2StackAllocator.cpp
  b2Timer.cpp
  b2ChainAndCircleContact.cpp
  Generating Code...
  Compiling...
  b2ChainAndPolygonContact.cpp
  b2CircleContact.cpp
  b2Contact.cpp
  b2ContactSolver.cpp
  b2EdgeAndCircleContact.cpp
  b2EdgeAndPolygonContact.cpp
  b2PolygonAndCircleContact.cpp
  b2PolygonContact.cpp
  b2DistanceJoint.cpp
  b2FrictionJoint.cpp
  b2GearJoint.cpp
  b2Joint.cpp
  b2MouseJoint.cpp
  b2PrismaticJoint.cpp
  b2PulleyJoint.cpp
  b2RevoluteJoint.cpp
  b2RopeJoint.cpp
  b2WeldJoint.cpp
  b2WheelJoint.cpp
  b2Body.cpp
  Generating Code...
  Compiling...
  b2ContactManager.cpp
  b2Fixture.cpp
  b2Island.cpp
  b2World.cpp
  b2WorldCallbacks.cpp
  b2Rope.cpp
  tinyxml2.cpp
  Generating Code...
  Engine.vcxproj -> D:\H2020V2\ProgAvance - 2\bart-engine-2d\Engine\Debug\Output\Engine.lib
